Removed Pin From Net: NetName=SPI_MISO Pin=J1-15
Removed Pin From Net: NetName=GND Pin=J1-Shell
Removed Pin From Net: NetName=GND Pin=J1-Shell
Removed Pin From Net: NetName=GND Pin=J1-Shell
Removed Pin From Net: NetName=GND Pin=J1-Shell
Removed Pin From Net: NetName=3V3 Pin=P1-1
Removed Pin From Net: NetName=GND Pin=P1-2
Removed Pin From Net: NetName=SPI_CS Pin=P1-3
Removed Pin From Net: NetName=RST_PIN Pin=P1-4
Removed Pin From Net: NetName=DC_PIN Pin=P1-5
Removed Pin From Net: NetName=SPI_MOSI Pin=P1-6
Removed Pin From Net: NetName=SPI_SCK Pin=P1-7
Removed Pin From Net: NetName=3V3 Pin=P1-8
Removed Pin From Net: NetName=SPI_MISO Pin=P1-9
Removed Pin From Net: NetName=SPI_SCK Pin=P1-10
Removed Pin From Net: NetName=T_CS Pin=P1-11
Removed Pin From Net: NetName=SPI_MOSI Pin=P1-12
Removed Pin From Net: NetName=SPI_MISO Pin=P1-13
Removed Pin From Net: NetName=SPI_MOSI Pin=R2-2
Removed Member From Class: ClassName=Trottinette_Connexion_PCB Member=P1
Removed Member From Class: ClassName=Trottinette_Connexion_PCB Member=P2
Removed Member From Class: ClassName=Trottinette_Connexion_PCB Member=R2
Add Component: Footprint Not Found RES 0603_1608
Added Component: Designator=R?(RESC1608X55X30LL15T15)
Add component (AddParameter): Name = "Manufacturer"; Value = "Panasonic"; VariantName = "[No Variations]"
Add component (AddParameter): Name = "Part Number"; Value = "ERJ3EKF30R0V"; VariantName = "[No Variations]"
Add component (AddParameter): Name = "Tolerance"; Value = "1%"; VariantName = "[No Variations]"
Add component (AddParameter): Name = "Value"; Value = "30ohm"; VariantName = "[No Variations]"
Added Pin To Net: NetName=SPI_MOSI Pin=J1-8
Add Pin To Net: Unknown Pin: Pin R1-1
Add Pin To Net: Unknown Pin: Pin R1-2
Added Pin To Net: NetName=SPI_MISO Pin=R?-2
Add Pin To Net: Unknown Pin: Pin S1-1
Add Pin To Net: Unknown Pin: Pin S1-2
Add Pin To Net: Unknown Pin: Pin S1-3
Add Pin To Net: Unknown Pin: Pin S1-4
Add Pin To Net: Unknown Pin: Pin S1-5
Add Pin To Net: Unknown Pin: Pin S1-6
Add Pin To Net: Unknown Pin: Pin S1-7
Add Pin To Net: Unknown Pin: Pin S1-8
Add Pin To Net: Unknown Pin: Pin S1-9
Add Pin To Net: Unknown Pin: Pin S1-10
Add Pin To Net: Unknown Pin: Pin S1-11
Add Pin To Net: Unknown Pin: Pin S1-12
Add Pin To Net: Unknown Pin: Pin S1-13
Add Pin To Net: Unknown Pin: Pin S1-16
Add Pin To Net: Unknown Pin: Pin S1-17
Add Pin To Net: Unknown Pin: Pin S1-18
Change Net Name : Old Net Name=IO1 New Net Name=GPIO1
Change Net Name : Old Net Name=IO2 New Net Name=GPIO2
Change Net Name : Old Net Name=IO3 New Net Name=GPIO42
Change Net Name : Old Net Name=IO4 New Net Name=GPIO41
Change Net Name : Old Net Name=IO5 New Net Name=SD_CS
Added Pin To Net: NetName=NetJ1_15 Pin=J1-15
Added Pin To Net: NetName=NetJ1_15 Pin=R?-1
Added Net: Name=NetJ1_15
Add Net: Net with name "SD_CS" already exists
Add Class Member: Failed to add class member : Component R1 0 Ohms
Added Member To Class: ClassName=Trottinette_Connexion_PCB Member=Component R? ERJ3EKF30R0V
Added Room: Name=Trottinette_Connexion_PCB
